[INFO  - 2015-04-27T15:46:58.992Z] GhostDriver - Main - running on port 23859
[INFO  - 2015-04-27T15:46:59.604Z] Session [a40601f0-ecf4-11e4-9abb-e9e71effa34e] - page.settings - {"XSSAuditingEnabled":false,"javascriptCanCloseWindows":true,"javascriptCanOpenWindows":true,"javascriptEnabled":true,"loadImages":true,"localToRemoteUrlAccessEnabled":false,"userAgent":"Mozilla/5.0 (Unknown; Linux x86_64) AppleWebKit/534.34 (KHTML, like Gecko) PhantomJS/1.9.7 Safari/534.34","webSecurityEnabled":true}
[INFO  - 2015-04-27T15:46:59.604Z] Session [a40601f0-ecf4-11e4-9abb-e9e71effa34e] - page.customHeaders:  - {}
[INFO  - 2015-04-27T15:46:59.604Z] Session [a40601f0-ecf4-11e4-9abb-e9e71effa34e] - Session.negotiatedCapabilities - {"browserName":"phantomjs","version":"1.9.7","driverName":"ghostdriver","driverVersion":"1.1.0","platform":"linux-unknown-64bit","javascriptEnabled":true,"takesScreenshot":true,"handlesAlerts":false,"databaseEnabled":false,"locationContextEnabled":false,"applicationCacheEnabled":false,"browserConnectionEnabled":false,"cssSelectorsEnabled":true,"webStorageEnabled":false,"rotatable":false,"acceptSslCerts":false,"nativeEvents":true,"proxy":{"proxyType":"direct"}}
[INFO  - 2015-04-27T15:46:59.610Z] SessionManagerReqHand - _postNewSessionCommand - New Session Created: a40601f0-ecf4-11e4-9abb-e9e71effa34e
[ERROR - 2015-04-27T15:47:09.811Z] WebElementLocator - _handleLocateCommand - Element(s) NOT Found: GAVE UP. Search Stop Time: 1430149629785
[INFO  - 2015-04-27T15:47:12.064Z] ShutdownReqHand - _handle - About to shutdown
[INFO  - 2015-04-27T15:52:41.022Z] GhostDriver - Main - running on port 1856
[INFO  - 2015-04-27T15:52:43.189Z] Session [70d09ce0-ecf5-11e4-9f5e-a9e5a6c87172] - page.settings - {"XSSAuditingEnabled":false,"javascriptCanCloseWindows":true,"javascriptCanOpenWindows":true,"javascriptEnabled":true,"loadImages":true,"localToRemoteUrlAccessEnabled":false,"userAgent":"Mozilla/5.0 (Unknown; Linux x86_64) AppleWebKit/534.34 (KHTML, like Gecko) PhantomJS/1.9.7 Safari/534.34","webSecurityEnabled":true}
[INFO  - 2015-04-27T15:52:43.189Z] Session [70d09ce0-ecf5-11e4-9f5e-a9e5a6c87172] - page.customHeaders:  - {}
[INFO  - 2015-04-27T15:52:43.189Z] Session [70d09ce0-ecf5-11e4-9f5e-a9e5a6c87172] - Session.negotiatedCapabilities - {"browserName":"phantomjs","version":"1.9.7","driverName":"ghostdriver","driverVersion":"1.1.0","platform":"linux-unknown-64bit","javascriptEnabled":true,"takesScreenshot":true,"handlesAlerts":false,"databaseEnabled":false,"locationContextEnabled":false,"applicationCacheEnabled":false,"browserConnectionEnabled":false,"cssSelectorsEnabled":true,"webStorageEnabled":false,"rotatable":false,"acceptSslCerts":false,"nativeEvents":true,"proxy":{"proxyType":"direct"}}
[INFO  - 2015-04-27T15:52:43.190Z] SessionManagerReqHand - _postNewSessionCommand - New Session Created: 70d09ce0-ecf5-11e4-9f5e-a9e5a6c87172
[ERROR - 2015-04-27T15:52:53.495Z] WebElementLocator - _handleLocateCommand - Element(s) NOT Found: GAVE UP. Search Stop Time: 1430149973432
[INFO  - 2015-04-27T15:52:54.159Z] ShutdownReqHand - _handle - About to shutdown
[INFO  - 2015-04-27T15:54:22.274Z] GhostDriver - Main - running on port 19399
[INFO  - 2015-04-27T15:54:22.718Z] Session [ac23d690-ecf5-11e4-8944-b55a1e8944dd] - page.settings - {"XSSAuditingEnabled":false,"javascriptCanCloseWindows":true,"javascriptCanOpenWindows":true,"javascriptEnabled":true,"loadImages":true,"localToRemoteUrlAccessEnabled":false,"userAgent":"Mozilla/5.0 (Unknown; Linux x86_64) AppleWebKit/534.34 (KHTML, like Gecko) PhantomJS/1.9.7 Safari/534.34","webSecurityEnabled":true}
[INFO  - 2015-04-27T15:54:22.718Z] Session [ac23d690-ecf5-11e4-8944-b55a1e8944dd] - page.customHeaders:  - {}
[INFO  - 2015-04-27T15:54:22.718Z] Session [ac23d690-ecf5-11e4-8944-b55a1e8944dd] - Session.negotiatedCapabilities - {"browserName":"phantomjs","version":"1.9.7","driverName":"ghostdriver","driverVersion":"1.1.0","platform":"linux-unknown-64bit","javascriptEnabled":true,"takesScreenshot":true,"handlesAlerts":false,"databaseEnabled":false,"locationContextEnabled":false,"applicationCacheEnabled":false,"browserConnectionEnabled":false,"cssSelectorsEnabled":true,"webStorageEnabled":false,"rotatable":false,"acceptSslCerts":false,"nativeEvents":true,"proxy":{"proxyType":"direct"}}
[INFO  - 2015-04-27T15:54:22.718Z] SessionManagerReqHand - _postNewSessionCommand - New Session Created: ac23d690-ecf5-11e4-8944-b55a1e8944dd
[INFO  - 2015-04-27T15:54:38.373Z] ShutdownReqHand - _handle - About to shutdown
[INFO  - 2015-04-28T06:28:20.012Z] GhostDriver - Main - running on port 13496
[INFO  - 2015-04-28T06:28:20.409Z] Session [c3707f40-ed6f-11e4-a71a-f9b034facb62] - page.settings - {"XSSAuditingEnabled":false,"javascriptCanCloseWindows":true,"javascriptCanOpenWindows":true,"javascriptEnabled":true,"loadImages":true,"localToRemoteUrlAccessEnabled":false,"userAgent":"Mozilla/5.0 (Unknown; Linux x86_64) AppleWebKit/534.34 (KHTML, like Gecko) PhantomJS/1.9.7 Safari/534.34","webSecurityEnabled":true}
[INFO  - 2015-04-28T06:28:20.409Z] Session [c3707f40-ed6f-11e4-a71a-f9b034facb62] - page.customHeaders:  - {}
[INFO  - 2015-04-28T06:28:20.409Z] Session [c3707f40-ed6f-11e4-a71a-f9b034facb62] - Session.negotiatedCapabilities - {"browserName":"phantomjs","version":"1.9.7","driverName":"ghostdriver","driverVersion":"1.1.0","platform":"linux-unknown-64bit","javascriptEnabled":true,"takesScreenshot":true,"handlesAlerts":false,"databaseEnabled":false,"locationContextEnabled":false,"applicationCacheEnabled":false,"browserConnectionEnabled":false,"cssSelectorsEnabled":true,"webStorageEnabled":false,"rotatable":false,"acceptSslCerts":false,"nativeEvents":true,"proxy":{"proxyType":"direct"}}
[INFO  - 2015-04-28T06:28:20.409Z] SessionManagerReqHand - _postNewSessionCommand - New Session Created: c3707f40-ed6f-11e4-a71a-f9b034facb62
[INFO  - 2015-04-28T06:28:31.169Z] ShutdownReqHand - _handle - About to shutdown
